CRITICAL - 2023-12-31 02:07:05 --> Undefined variable $peliculaModel
in APPPATH\Controllers\Pelicula.php on line 22.
 1 APPPATH\Controllers\Pelicula.php(22): CodeIgniter\Debug\Exceptions->errorHandler(2, 'Undefined variable $peliculaModel', 'C:\\xampp\\htdocs\\peliculas\\app\\Controllers\\Pelicula.php', 22)
 2 SYSTEMPATH\CodeIgniter.php(942): App\Controllers\Pelicula->edit('1')
 3 SYSTEMPATH\CodeIgniter.php(502): CodeIgniter\CodeIgniter->runController(Object(App\Controllers\Pelicula))
 4 SYSTEMPATH\CodeIgniter.php(361): CodeIgniter\CodeIgniter->handleRequest(null, Object(Config\Cache), false)
 5 FCPATH\index.php(79): CodeIgniter\CodeIgniter->run()
 6 SYSTEMPATH\Commands\Server\rewrite.php(47): require_once('C:\\xampp\\htdocs\\peliculas\\public\\index.php')
CRITICAL - 2023-12-31 02:10:02 --> Undefined variable $peliculaModel
in APPPATH\Controllers\Pelicula.php on line 22.
 1 APPPATH\Controllers\Pelicula.php(22): CodeIgniter\Debug\Exceptions->errorHandler(2, 'Undefined variable $peliculaModel', 'C:\\xampp\\htdocs\\peliculas\\app\\Controllers\\Pelicula.php', 22)
 2 SYSTEMPATH\CodeIgniter.php(942): App\Controllers\Pelicula->edit('1')
 3 SYSTEMPATH\CodeIgniter.php(502): CodeIgniter\CodeIgniter->runController(Object(App\Controllers\Pelicula))
 4 SYSTEMPATH\CodeIgniter.php(361): CodeIgniter\CodeIgniter->handleRequest(null, Object(Config\Cache), false)
 5 FCPATH\index.php(79): CodeIgniter\CodeIgniter->run()
 6 SYSTEMPATH\Commands\Server\rewrite.php(47): require_once('C:\\xampp\\htdocs\\peliculas\\public\\index.php')
CRITICAL - 2023-12-31 02:31:27 --> Call to undefined method CodeIgniter\HTTP\IncomingRequest::post()
in APPPATH\Controllers\Pelicula.php on line 35.
 1 SYSTEMPATH\CodeIgniter.php(942): App\Controllers\Pelicula->create()
 2 SYSTEMPATH\CodeIgniter.php(502): CodeIgniter\CodeIgniter->runController(Object(App\Controllers\Pelicula))
 3 SYSTEMPATH\CodeIgniter.php(361): CodeIgniter\CodeIgniter->handleRequest(null, Object(Config\Cache), false)
 4 FCPATH\index.php(79): CodeIgniter\CodeIgniter->run()
 5 SYSTEMPATH\Commands\Server\rewrite.php(47): require_once('C:\\xampp\\htdocs\\peliculas\\public\\index.php')
CRITICAL - 2023-12-31 02:59:59 --> Undefined variable $peliculaModel
in APPPATH\Controllers\Pelicula.php on line 21.
 1 APPPATH\Controllers\Pelicula.php(21): CodeIgniter\Debug\Exceptions->errorHandler(2, 'Undefined variable $peliculaModel', 'C:\\xampp\\htdocs\\peliculas\\app\\Controllers\\Pelicula.php', 21)
 2 SYSTEMPATH\CodeIgniter.php(942): App\Controllers\Pelicula->edit('1')
 3 SYSTEMPATH\CodeIgniter.php(502): CodeIgniter\CodeIgniter->runController(Object(App\Controllers\Pelicula))
 4 SYSTEMPATH\CodeIgniter.php(361): CodeIgniter\CodeIgniter->handleRequest(null, Object(Config\Cache), false)
 5 FCPATH\index.php(79): CodeIgniter\CodeIgniter->run()
 6 SYSTEMPATH\Commands\Server\rewrite.php(47): require_once('C:\\xampp\\htdocs\\peliculas\\public\\index.php')
CRITICAL - 2023-12-31 03:39:28 --> Undefined variable $pelicula
in APPPATH\Views\pelicula\_form.php on line 3.
 1 APPPATH\Views\pelicula\_form.php(3): CodeIgniter\Debug\Exceptions->errorHandler(2, 'Undefined variable $pelicula', 'C:\\xampp\\htdocs\\peliculas\\app\\Views\\pelicula\\_form.php', 3)
 2 SYSTEMPATH\View\View.php(228): include('C:\\xampp\\htdocs\\peliculas\\app\\Views\\pelicula\\_form.php')
 3 SYSTEMPATH\View\View.php(231): CodeIgniter\View\View->CodeIgniter\View\{closure}()
 4 SYSTEMPATH\Common.php(1190): CodeIgniter\View\View->render('pelicula/_form', [], true)
 5 APPPATH\Views\pelicula\new.php(12): view('pelicula/_form', [...])
 6 SYSTEMPATH\View\View.php(228): include('C:\\xampp\\htdocs\\peliculas\\app\\Views\\pelicula\\new.php')
 7 SYSTEMPATH\View\View.php(231): CodeIgniter\View\View->CodeIgniter\View\{closure}()
 8 SYSTEMPATH\Common.php(1190): CodeIgniter\View\View->render('/pelicula/new', [], true)
 9 APPPATH\Controllers\Pelicula.php(35): view('/pelicula/new')
10 SYSTEMPATH\CodeIgniter.php(942): App\Controllers\Pelicula->new()
11 SYSTEMPATH\CodeIgniter.php(502): CodeIgniter\CodeIgniter->runController(Object(App\Controllers\Pelicula))
12 SYSTEMPATH\CodeIgniter.php(361): CodeIgniter\CodeIgniter->handleRequest(null, Object(Config\Cache), false)
13 FCPATH\index.php(79): CodeIgniter\CodeIgniter->run()
14 SYSTEMPATH\Commands\Server\rewrite.php(47): require_once('C:\\xampp\\htdocs\\peliculas\\public\\index.php')
